Determining if the pthread_create exist failed with the following output:
Change Dir: /home/chenwei/perception_ros/cmake-build-debug/CMakeFiles/CMakeTmp

Run Build Command:"/usr/bin/make" "cmTC_e18fd/fast"
/usr/bin/make -f CMakeFiles/cmTC_e18fd.dir/build.make CMakeFiles/cmTC_e18fd.dir/build
make[1]: Entering directory '/home/chenwei/perception_ros/cmake-build-debug/CMakeFiles/CMakeTmp'
Building C object CMakeFiles/cmTC_e18fd.dir/CheckSymbolExists.c.o
/usr/bin/cc    -o CMakeFiles/cmTC_e18fd.dir/CheckSymbolExists.c.o   -c /home/chenwei/perception_ros/cmake-build-debug/CMakeFiles/CMakeTmp/CheckSymbolExists.c
Linking C executable cmTC_e18fd
/home/chenwei/clion-2017.3.5/bin/cmake/bin/cmake -E cmake_link_script CMakeFiles/cmTC_e18fd.dir/link.txt --verbose=1
/usr/bin/cc      -rdynamic CMakeFiles/cmTC_e18fd.dir/CheckSymbolExists.c.o  -o cmTC_e18fd 
CMakeFiles/cmTC_e18fd.dir/CheckSymbolExists.c.o：在函数‘main’中：
CheckSymbolExists.c:(.text+0x16)：对‘pthread_create’未定义的引用
collect2: error: ld returned 1 exit status
CMakeFiles/cmTC_e18fd.dir/build.make:97: recipe for target 'cmTC_e18fd' failed
make[1]: *** [cmTC_e18fd] Error 1
make[1]: Leaving directory '/home/chenwei/perception_ros/cmake-build-debug/CMakeFiles/CMakeTmp'
Makefile:126: recipe for target 'cmTC_e18fd/fast' failed
make: *** [cmTC_e18fd/fast] Error 2

File /home/chenwei/perception_ros/cmake-build-debug/CMakeFiles/CMakeTmp/CheckSymbolExists.c:
/* */
#include <pthread.h>

int main(int argc, char** argv)
{
  (void)argv;
#ifndef pthread_create
  return ((int*)(&pthread_create))[argc];
#else
  (void)argc;
  return 0;
#endif
}

Determining if the function pthread_create exists in the pthreads failed with the following output:
Change Dir: /home/chenwei/perception_ros/cmake-build-debug/CMakeFiles/CMakeTmp

Run Build Command:"/usr/bin/make" "cmTC_36653/fast"
/usr/bin/make -f CMakeFiles/cmTC_36653.dir/build.make CMakeFiles/cmTC_36653.dir/build
make[1]: Entering directory '/home/chenwei/perception_ros/cmake-build-debug/CMakeFiles/CMakeTmp'
Building C object CMakeFiles/cmTC_36653.dir/CheckFunctionExists.c.o
/usr/bin/cc   -DCHECK_FUNCTION_EXISTS=pthread_create   -o CMakeFiles/cmTC_36653.dir/CheckFunctionExists.c.o   -c /home/chenwei/clion-2017.3.5/bin/cmake/share/cmake-3.9/Modules/CheckFunctionExists.c
Linking C executable cmTC_36653
/home/chenwei/clion-2017.3.5/bin/cmake/bin/cmake -E cmake_link_script CMakeFiles/cmTC_36653.dir/link.txt --verbose=1
/usr/bin/cc  -DCHECK_FUNCTION_EXISTS=pthread_create    -rdynamic CMakeFiles/cmTC_36653.dir/CheckFunctionExists.c.o  -o cmTC_36653 -lpthreads 
/usr/bin/ld: 找不到 -lpthreads
collect2: error: ld returned 1 exit status
CMakeFiles/cmTC_36653.dir/build.make:97: recipe for target 'cmTC_36653' failed
make[1]: *** [cmTC_36653] Error 1
make[1]: Leaving directory '/home/chenwei/perception_ros/cmake-build-debug/CMakeFiles/CMakeTmp'
Makefile:126: recipe for target 'cmTC_36653/fast' failed
make: *** [cmTC_36653/fast] Error 2


