Determining if the pthread_create exist failed with the following output:
Change Dir: /home/linuxidc/perception_ros/build/CMakeFiles/CMakeTmp

Run Build Command:"/usr/bin/make" "cmTC_b4689/fast"
/usr/bin/make -f CMakeFiles/cmTC_b4689.dir/build.make CMakeFiles/cmTC_b4689.dir/build
make[1]: Entering directory '/home/linuxidc/perception_ros/build/CMakeFiles/CMakeTmp'
Building C object CMakeFiles/cmTC_b4689.dir/CheckSymbolExists.c.o
/usr/bin/gcc-4.8    -o CMakeFiles/cmTC_b4689.dir/CheckSymbolExists.c.o   -c /home/linuxidc/perception_ros/build/CMakeFiles/CMakeTmp/CheckSymbolExists.c
Linking C executable cmTC_b4689
/usr/local/bin/cmake -E cmake_link_script CMakeFiles/cmTC_b4689.dir/link.txt --verbose=1
/usr/bin/gcc-4.8      -rdynamic CMakeFiles/cmTC_b4689.dir/CheckSymbolExists.c.o  -o cmTC_b4689 
CMakeFiles/cmTC_b4689.dir/CheckSymbolExists.c.o：在函数‘main’中：
CheckSymbolExists.c:(.text+0x16)：对‘pthread_create’未定义的引用
collect2: error: ld returned 1 exit status
CMakeFiles/cmTC_b4689.dir/build.make:86: recipe for target 'cmTC_b4689' failed
make[1]: *** [cmTC_b4689] Error 1
make[1]: Leaving directory '/home/linuxidc/perception_ros/build/CMakeFiles/CMakeTmp'
Makefile:121: recipe for target 'cmTC_b4689/fast' failed
make: *** [cmTC_b4689/fast] Error 2

File /home/linuxidc/perception_ros/build/CMakeFiles/CMakeTmp/CheckSymbolExists.c:
/* */
#include <pthread.h>

int main(int argc, char** argv)
{
  (void)argv;
#ifndef pthread_create
  return ((int*)(&pthread_create))[argc];
#else
  (void)argc;
  return 0;
#endif
}

Determining if the function pthread_create exists in the pthreads failed with the following output:
Change Dir: /home/linuxidc/perception_ros/build/CMakeFiles/CMakeTmp

Run Build Command:"/usr/bin/make" "cmTC_6253e/fast"
/usr/bin/make -f CMakeFiles/cmTC_6253e.dir/build.make CMakeFiles/cmTC_6253e.dir/build
make[1]: Entering directory '/home/linuxidc/perception_ros/build/CMakeFiles/CMakeTmp'
Building C object CMakeFiles/cmTC_6253e.dir/CheckFunctionExists.c.o
/usr/bin/gcc-4.8   -DCHECK_FUNCTION_EXISTS=pthread_create   -o CMakeFiles/cmTC_6253e.dir/CheckFunctionExists.c.o   -c /usr/local/share/cmake-3.12/Modules/CheckFunctionExists.c
Linking C executable cmTC_6253e
/usr/local/bin/cmake -E cmake_link_script CMakeFiles/cmTC_6253e.dir/link.txt --verbose=1
/usr/bin/gcc-4.8  -DCHECK_FUNCTION_EXISTS=pthread_create    -rdynamic CMakeFiles/cmTC_6253e.dir/CheckFunctionExists.c.o  -o cmTC_6253e -lpthreads 
/usr/bin/ld: 找不到 -lpthreads
collect2: error: ld returned 1 exit status
CMakeFiles/cmTC_6253e.dir/build.make:86: recipe for target 'cmTC_6253e' failed
make[1]: *** [cmTC_6253e] Error 1
make[1]: Leaving directory '/home/linuxidc/perception_ros/build/CMakeFiles/CMakeTmp'
Makefile:121: recipe for target 'cmTC_6253e/fast' failed
make: *** [cmTC_6253e/fast] Error 2


